<?xml version="1.0" encoding="UTF-8"?>
<!-- Generated by org.testng.reporters.JUnitReportReporter -->
<testsuite hostname="DESKTOP-RJB5HQA" failures="0" tests="1" name="com.qa.testlayer.External_Link_Test" time="22.340" errors="0" timestamp="2023-12-15T23:00:05 IST" skipped="0">
  <testcase classname="com.qa.testlayer.External_Link_Test" name="External_Link_Testcase" time="22.340"/>
</testsuite> <!-- com.qa.testlayer.External_Link_Test -->
