<?xml version="1.0" encoding="UTF-8"?>
<!-- Generated by org.testng.reporters.JUnitReportReporter -->
<testsuite hostname="DESKTOP-RJB5HQA" failures="0" tests="2" name="com.qa.testlayer.LoginTest" time="20.077" errors="0" timestamp="2023-12-15T23:00:05 IST" skipped="0">
  <testcase classname="com.qa.testlayer.LoginTest" name="LoginTestcase" time="8.069"/>
  <testcase classname="com.qa.testlayer.LoginTest" name="Login_Logout_test" time="12.008"/>
</testsuite> <!-- com.qa.testlayer.LoginTest -->
