<?xml version="1.0" encoding="UTF-8"?>
<!-- Generated by org.testng.reporters.JUnitReportReporter -->
<testsuite hostname="DESKTOP-RJB5HQA" failures="0" tests="2" name="com.qa.testlayer.DataproviderTesting" time="16.113" errors="0" timestamp="2023-10-24T08:12:23 IST" skipped="0">
  <testcase classname="com.qa.testlayer.DataproviderTesting" name="test1" time="8.878"/>
  <testcase classname="com.qa.testlayer.DataproviderTesting" name="test1" time="7.235"/>
</testsuite> <!-- com.qa.testlayer.DataproviderTesting -->
