<?xml version="1.0" encoding="UTF-8"?>
<!-- Generated by org.testng.reporters.JUnitReportReporter -->
<testsuite hostname="DESKTOP-RJB5HQA" failures="0" tests="1" name="com.qa.testlayer.Uplaod" time="11.123" errors="0" timestamp="2023-10-28T13:55:50 IST" skipped="0">
  <testcase classname="com.qa.testlayer.Uplaod" name="Uploaddata" time="11.123"/>
</testsuite> <!-- com.qa.testlayer.Uplaod -->
