<?xml version="1.0" encoding="UTF-8"?>
<!-- Generated by org.testng.reporters.JUnitReportReporter -->
<testsuite hostname="DESKTOP-RJB5HQA" failures="0" tests="1" name="com.qa.testlayer.Upload_file" time="13.422" errors="0" timestamp="2023-10-28T13:35:29 IST" skipped="0">
  <testcase classname="com.qa.testlayer.Upload_file" name="UploadFiles" time="13.422"/>
</testsuite> <!-- com.qa.testlayer.Upload_file -->
