<?xml version="1.0" encoding="UTF-8"?>
<!-- Generated by org.testng.reporters.JUnitReportReporter -->
<testsuite hostname="DESKTOP-RJB5HQA" failures="0" tests="3" name="com.qa.testlayer.Basic_Test" time="16.566" errors="0" timestamp="2023-12-15T23:00:05 IST" skipped="0">
  <testcase classname="com.qa.testlayer.Basic_Test" name="URL_Test" time="6.047"/>
  <testcase classname="com.qa.testlayer.Basic_Test" name="Logo_Displayed_Test" time="5.227"/>
  <testcase classname="com.qa.testlayer.Basic_Test" name="Check_Title_Test" time="5.292"/>
</testsuite> <!-- com.qa.testlayer.Basic_Test -->
