<?xml version="1.0" encoding="UTF-8"?>
<!-- Generated by org.testng.reporters.JUnitReportReporter -->
<testsuite hostname="DESKTOP-RJB5HQA" failures="0" tests="1" name="com.qa.testlayer.Create_Account_Test" time="12.205" errors="0" timestamp="2023-10-25T23:17:24 IST" skipped="0">
  <testcase classname="com.qa.testlayer.Create_Account_Test" name="Create_AccountTest" time="12.205"/>
</testsuite> <!-- com.qa.testlayer.Create_Account_Test -->
