<?xml version="1.0" encoding="UTF-8"?>
<!-- Generated by org.testng.reporters.JUnitReportReporter -->
<testsuite hostname="DESKTOP-RJB5HQA" failures="0" tests="1" name="com.qa.testlayer.Contact_Us_Test" time="20.535" errors="0" timestamp="2023-12-15T23:00:05 IST" skipped="0">
  <testcase classname="com.qa.testlayer.Contact_Us_Test" name="Contact_Us_Test11" time="20.535"/>
</testsuite> <!-- com.qa.testlayer.Contact_Us_Test -->
