<?xml version="1.0" encoding="UTF-8"?>
<!-- Generated by org.testng.reporters.JUnitReportReporter -->
<testsuite hostname="DESKTOP-RJB5HQA" failures="0" tests="1" name="com.qa.testlayer.Change_User_Password" time="11.163" errors="0" timestamp="2023-12-15T23:00:05 IST" skipped="0">
  <testcase classname="com.qa.testlayer.Change_User_Password" name="Change_Pasword_Test" time="11.163"/>
</testsuite> <!-- com.qa.testlayer.Change_User_Password -->
