<?xml version="1.0" encoding="UTF-8"?>
<!-- Generated by org.testng.reporters.JUnitReportReporter -->
<testsuite hostname="DESKTOP-RJB5HQA" failures="0" tests="1" name="com.qa.testlayer.Uploaddata" time="10.257" errors="0" timestamp="2023-10-28T14:12:02 IST" skipped="0">
  <testcase classname="com.qa.testlayer.Uploaddata" name="upload" time="10.257"/>
</testsuite> <!-- com.qa.testlayer.Uploaddata -->
